Removed Pin From Net: NetName=+24V Pin=J4-1
Removed Pin From Net: NetName=GND Pin=J4-2
Removed Pin From Net: NetName=CLOSE_SW_IN Pin=J4-6
Removed Pin From Net: NetName=CLOSE_SW Pin=R28-2
Removed Pin From Net: NetName=CLOSE_SW Pin=U8-4
Change Component Footprint: Designator=U8 Old Footprint=DIP-4 New Footprint=TLP521-1
Change Component Comment : Designator=R14 Old Comment=220 New Comment=1K
Added Component: Designator=R21(0805)
Added Component: Designator=R22(0805)
Added Component: Designator=SW1(Switch_2)
Added Component: Designator=U11(TLP521-1)
Added Pin To Net: NetName=CLOSE_SW_IN Pin=J4-2
Added Pin To Net: NetName=+3.3V Pin=R2-1
Added Pin To Net: NetName=+3.3V Pin=R21-2
Added Pin To Net: NetName=+5V Pin=R22-1
Added Pin To Net: NetName=CLOSE_SW Pin=SW1-1
Added Pin To Net: NetName=GND Pin=U11-2
Added Pin To Net: NetName=GND Pin=U11-3
Added Pin To Net: NetName=NetR2_2 Pin=R2-2
Added Pin To Net: NetName=NetR2_2 Pin=SW1-2
Added Pin To Net: NetName=NetR2_2 Pin=U11-4
Added Net: Name=NetR2_2
Added Pin To Net: NetName=NetR22_2 Pin=R22-2
Added Pin To Net: NetName=NetR22_2 Pin=R29-1
Added Pin To Net: NetName=NetR22_2 Pin=U8-1
Added Net: Name=NetR22_2
Added Pin To Net: NetName=NetR28_2 Pin=R28-2
Added Pin To Net: NetName=NetR28_2 Pin=SW1-3
Added Pin To Net: NetName=NetR28_2 Pin=U8-4
Added Net: Name=NetR28_2
Added Pin To Net: NetName=START_STOP1 Pin=J4-6
Added Pin To Net: NetName=START_STOP1 Pin=R21-1
Added Net: Name=START_STOP1
Added Pin To Net: NetName=START_STOP2 Pin=J4-1
Added Pin To Net: NetName=START_STOP2 Pin=U11-1
Added Net: Name=START_STOP2
Change Class Name : Old Net Name=mainboard_interface.v1.1 New Net Name=mainboard_interface.v1.2
Change Class Name : Old Net Name=mainboard_mcu.v1.1 New Net Name=mainboard_mcu.v1.2
Change Class Name : Old Net Name=mainboard_motor.v1.1 New Net Name=mainboard_motor.v1.2
Change Class Name : Old Net Name=mainboard_rs485.v1.1 New Net Name=mainboard_rs485.v1.2
Change Class Name : Old Net Name=mainboard_wifi.v1.1 New Net Name=mainboard_wifi.v1.2
Added Member To Class: ClassName=mainboard_interface.v1.2 Member=Component R21 1K
Added Member To Class: ClassName=mainboard_interface.v1.2 Member=Component R22 1K
Added Member To Class: ClassName=mainboard_interface.v1.2 Member=Component SW1 Switch3Pin
Added Member To Class: ClassName=mainboard_interface.v1.2 Member=Component U11 TLP521-1
