Removed Pin From Net: NetName=+24V Pin=C20-1
Removed Pin From Net: NetName=+3.3V Pin=C21-1
Removed Pin From Net: NetName=GND Pin=C21-2
Removed Pin From Net: NetName=+3.3V Pin=C22-1
Removed Pin From Net: NetName=GND Pin=C22-2
Removed Pin From Net: NetName=+24V Pin=D4-2
Removed Pin From Net: NetName=+24V Pin=D5-2
Removed Pin From Net: NetName=+24V Pin=Q2-3
Removed Pin From Net: NetName=+24V Pin=Q3-3
Removed Pin From Net: NetName=GND Pin=R27-1
Removed Pin From Net: NetName=ENA Pin=U7-1
Removed Pin From Net: NetName=IN1 Pin=U7-2
Removed Pin From Net: NetName=ENA Pin=U7-4
Removed Pin From Net: NetName=IN2 Pin=U7-5
Removed Pin From Net: NetName=ENA Pin=U7-9
Removed Pin From Net: NetName=ENA Pin=U7-12
Removed Pin From Net: NetName=+3.3V Pin=U7-14
Removed Pin From Net: NetName=IN1 Pin=U8-1
Removed Pin From Net: NetName=IN2 Pin=U8-3
Removed Pin From Net: NetName=+3.3V Pin=U8-14
Change Component DesignItemId : Designator=U7 Old DesignItemId=74HC08 New DesignItemId=74VHC00
Change Component DesignItemId : Designator=C20 Old DesignItemId=Cap Pol1 New DesignItemId=CAP
Change Component DesignItemId : Designator=U8 Old DesignItemId=CD4069 New DesignItemId=74HC08
Change Component DesignItemId : Designator=D5 Old DesignItemId=Diode New DesignItemId=D Zener
Change Component DesignItemId : Designator=D7 Old DesignItemId=Diode New DesignItemId=D Zener
Change Component DesignItemId : Designator=D4 Old DesignItemId=Diode New DesignItemId=TVS
Change Component DesignItemId : Designator=D6 Old DesignItemId=Diode New DesignItemId=TVS
Change Component DesignItemId : Designator=Q4 Old DesignItemId=MOSFET-N New DesignItemId=MOSFET-P
Change Component DesignItemId : Designator=Q5 Old DesignItemId=MOSFET-N New DesignItemId=MOSFET-P
Change Component DesignItemId : Designator=Q2 Old DesignItemId=MOSFET-P New DesignItemId=2SD1760
Change Component DesignItemId : Designator=Q3 Old DesignItemId=MOSFET-P New DesignItemId=S8050
Change Component Footprint: Designator=R27 Old Footprint=1210 New Footprint=0805
Change Component Footprint: Designator=C20 Old Footprint=CAP-5mm New Footprint=0805
Change Component Footprint: Designator=D5 Old Footprint=DIDODE_LL-34 New Footprint=DIODE-0.7
Change Component Footprint: Designator=D7 Old Footprint=DIDODE_LL-34 New Footprint=DIODE-0.7
Change Component Footprint: Designator=D4 Old Footprint=DIDODE_LL-34 New Footprint=DO-214AA/SMB
Change Component Footprint: Designator=D6 Old Footprint=DIDODE_LL-34 New Footprint=DO-214AA/SMB
Change Component Footprint: Designator=Q3 Old Footprint=TO-252 New Footprint=SOT-23
Change Component Comment : Designator=C22 Old Comment=0.1uF New Comment=10nF
Change Component Comment : Designator=C21 Old Comment=0.1uF New Comment=10uF
Change Component Comment : Designator=R27 Old Comment=0.5R New Comment=10K
Change Component Comment : Designator=R25 Old Comment=1K New Comment=1M
Change Component Comment : Designator=R23 Old Comment=1K New Comment=10K
Change Component Comment : Designator=R24 Old Comment=1K New Comment=10K
Change Component Comment : Designator=R26 Old Comment=1K New Comment=10K
Change Component Comment : Designator=D4 Old Comment=1N4148 New Comment=SMCJ24A
Change Component Comment : Designator=D6 Old Comment=1N4148 New Comment=SMCJ24A
Change Component Comment : Designator=D5 Old Comment=1N4148 New Comment=ZMM6V2
Change Component Comment : Designator=D7 Old Comment=1N4148 New Comment=ZMM6V2
Change Component Comment : Designator=R6 Old Comment=22R New Comment=10K
Change Component Comment : Designator=R7 Old Comment=22R New Comment=10K
Change Component Comment : Designator=U7 Old Comment=74HC08 New Comment=74VHC00
Change Component Comment : Designator=C20 Old Comment=100uF/50V New Comment=10nF
Change Component Comment : Designator=U8 Old Comment=CD4069 New Comment=74VHC08
Change Component Comment : Designator=Q2 Old Comment=NCE40P70K New Comment=2SD1760
Change Component Comment : Designator=Q3 Old Comment=NCE40P70K New Comment=MMBT3904
Change Component Comment : Designator=Q4 Old Comment=NCE6075 New Comment=NCE40P70K
Change Component Comment : Designator=Q5 Old Comment=NCE6075 New Comment=NCE40P70K
Change Component Description : Designator=Q4 Old Description=N-Channel MOSFET New Description=P-Channel MOSFET
Change Component Description : Designator=Q5 Old Description=N-Channel MOSFET New Description=P-Channel MOSFET
Change Component Description : Designator=Q2 Old Description=P-Channel MOSFET New Description=
Change Component Library : Designator=Q2 Old Library=Miscellaneous Devices.IntLib New Library=Componet.SchLib
Added Component: Designator=C29(0805)
Added Component: Designator=C31(0805)
Added Component: Designator=C32(0805)
Added Component: Designator=C33(0805)
Added Component: Designator=D8(DIDODE_LL-34)
Added Component: Designator=D9(Diode_TP2)
Added Component: Designator=D10(DIDODE_LL-34)
Added Component: Designator=D11(DIODE-0.7)
Added Component: Designator=D12(DIDODE_LL-34)
Added Component: Designator=D13(DIDODE_LL-34)
Added Component: Designator=F2(1206)
Added Component: Designator=FB2(0805)
Added Component: Designator=P4(J508-2(1))
Added Component: Designator=Q6(901X_SOT-23)
Added Component: Designator=Q7(TO-252)
Added Component: Designator=Q8(TO-252)
Added Component: Designator=Q9(SOT-23)
Added Component: Designator=Q10(SOT-23)
Added Component: Designator=R12(0805)
Added Component: Designator=R13(0805)
Added Component: Designator=R14(0805)
Added Component: Designator=R28(0805)
Added Component: Designator=R29(0805)
Added Component: Designator=R30(0805)
Added Component: Designator=R31(0805)
Added Component: Designator=R32(0805)
Added Component: Designator=R33(0805)
Added Component: Designator=R34(0805)
Added Component: Designator=R35(0805)
Added Component: Designator=R36(0805)
Added Component: Designator=R37(0805)
Added Component: Designator=R38(0805)
Added Component: Designator=R39(0805)
Added Component: Designator=R40(0805)
Added Component: Designator=R41(0805)
Added Component: Designator=R42(0805)
Added Component: Designator=R43(0805)
Added Component: Designator=R44(0805)
Added Component: Designator=R45(0805)
Added Component: Designator=R46(0805)
Added Component: Designator=R48(1812)
Added Component: Designator=U9(SOT-23)
Added Component: Designator=U10(SO-14)
Added Component: Designator=U14(SO-8)
Added Pin To Net: NetName=+24V Pin=C22-1
Added Pin To Net: NetName=GND Pin=C29-2
Added Pin To Net: NetName=+24V Pin=C31-2
Added Pin To Net: NetName=GND Pin=C32-1
Added Pin To Net: NetName=GND Pin=C33-1
Added Pin To Net: NetName=+24V Pin=D4-1
Added Pin To Net: NetName=GND Pin=D4-2
Added Pin To Net: NetName=GND Pin=D5-1
Added Pin To Net: NetName=+24V Pin=D6-1
Added Pin To Net: NetName=GND Pin=D6-2
Added Pin To Net: NetName=+24V Pin=D7-2
Added Pin To Net: NetName=GND Pin=D9-1
Added Pin To Net: NetName=+24V Pin=D11-2
Added Pin To Net: NetName=+24V Pin=F2-2
Added Pin To Net: NetName=GND Pin=FB2-2
Added Pin To Net: NetName=GND Pin=Q3-2
Added Pin To Net: NetName=+24V Pin=Q4-3
Added Pin To Net: NetName=+24V Pin=Q5-3
Added Pin To Net: NetName=GND Pin=Q6-1
Added Pin To Net: NetName=GND Pin=Q9-2
Added Pin To Net: NetName=GND Pin=Q10-2
Added Pin To Net: NetName=+24V Pin=R13-1
Added Pin To Net: NetName=GND Pin=R14-1
Added Pin To Net: NetName=GND Pin=R23-1
Added Pin To Net: NetName=GND Pin=R25-1
Added Pin To Net: NetName=+24V Pin=R27-1
Added Pin To Net: NetName=+5V Pin=R28-1
Added Pin To Net: NetName=GND Pin=R30-1
Added Pin To Net: NetName=GND Pin=R31-1
Added Pin To Net: NetName=+5V Pin=R32-1
Added Pin To Net: NetName=GND Pin=R34-1
Added Pin To Net: NetName=+24V Pin=R35-1
Added Pin To Net: NetName=+5V Pin=R37-1
Added Pin To Net: NetName=GND Pin=R38-2
Added Pin To Net: NetName=GND Pin=R39-1
Added Pin To Net: NetName=GND Pin=R40-2
Added Pin To Net: NetName=+24V Pin=R42-1
Added Pin To Net: NetName=GND Pin=R45-2
Added Pin To Net: NetName=GND Pin=R48-1
Added Pin To Net: NetName=+24V Pin=U10-14
Added Pin To Net: NetName=GND Pin=U14-4
Added Pin To Net: NetName=+3.3V Pin=U14-8
Added Pin To Net: NetName=EARTH Pin=C20-1
Added Pin To Net: NetName=EARTH Pin=C29-1
Added Pin To Net: NetName=EARTH Pin=R14-2
Added Pin To Net: NetName=EARTH Pin=R25-2
Added Net: Name=EARTH
Added Pin To Net: NetName=M1_1 Pin=C32-2
Added Pin To Net: NetName=M1_1 Pin=P4-1
Added Pin To Net: NetName=M1_1 Pin=Q5-1
Added Pin To Net: NetName=M1_1 Pin=Q8-1
Added Pin To Net: NetName=M1_1 Pin=R38-1
Added Net: Name=M1_1
Added Pin To Net: NetName=M1_2 Pin=C33-2
Added Pin To Net: NetName=M1_2 Pin=P4-2
Added Pin To Net: NetName=M1_2 Pin=Q4-1
Added Pin To Net: NetName=M1_2 Pin=Q7-1
Added Pin To Net: NetName=M1_2 Pin=R40-1
Added Net: Name=M1_2
Added Pin To Net: NetName=NetC21_2 Pin=C21-2
Added Pin To Net: NetName=NetC21_2 Pin=FB2-1
Added Pin To Net: NetName=NetC21_2 Pin=U9-1
Added Net: Name=NetC21_2
Added Pin To Net: NetName=NetD5_2 Pin=D5-2
Added Pin To Net: NetName=NetD5_2 Pin=Q2-1
Added Pin To Net: NetName=NetD5_2 Pin=R13-2
Added Net: Name=NetD5_2
Added Pin To Net: NetName=NetD8_1 Pin=D8-1
Added Pin To Net: NetName=NetD8_1 Pin=R24-2
Added Pin To Net: NetName=NetD8_1 Pin=U7-4
Added Pin To Net: NetName=NetD8_1 Pin=U7-5
Added Pin To Net: NetName=NetD8_1 Pin=U8-2
Added Pin To Net: NetName=NetD8_1 Pin=U8-4
Added Net: Name=NetD8_1
Added Pin To Net: NetName=NetD8_2 Pin=D8-2
Added Pin To Net: NetName=NetD8_2 Pin=U9-2
Added Net: Name=NetD8_2
Added Pin To Net: NetName=NetD10_1 Pin=D10-1
Added Pin To Net: NetName=NetD10_1 Pin=R30-2
Added Net: Name=NetD10_1
Added Pin To Net: NetName=NetD10_2 Pin=D10-2
Added Pin To Net: NetName=NetD10_2 Pin=R12-1
Added Pin To Net: NetName=NetD10_2 Pin=R29-1
Added Net: Name=NetD10_2
Added Pin To Net: NetName=NetD11_1 Pin=D11-1
Added Pin To Net: NetName=NetD11_1 Pin=Q6-2
Added Pin To Net: NetName=NetD11_1 Pin=R31-2
Added Net: Name=NetD11_1
Added Pin To Net: NetName=NetD12_1 Pin=D12-1
Added Pin To Net: NetName=NetD12_1 Pin=R34-2
Added Pin To Net: NetName=NetD12_1 Pin=R36-1
Added Pin To Net: NetName=NetD12_1 Pin=U8-1
Added Net: Name=NetD12_1
Added Pin To Net: NetName=NetD12_2 Pin=D12-2
Added Pin To Net: NetName=NetD12_2 Pin=D13-2
Added Pin To Net: NetName=NetD12_2 Pin=R23-2
Added Pin To Net: NetName=NetD12_2 Pin=R24-1
Added Net: Name=NetD12_2
Added Pin To Net: NetName=NetD13_1 Pin=D13-1
Added Pin To Net: NetName=NetD13_1 Pin=R39-2
Added Pin To Net: NetName=NetD13_1 Pin=R43-1
Added Pin To Net: NetName=NetD13_1 Pin=U8-5
Added Net: Name=NetD13_1
Added Pin To Net: NetName=NetF2_1 Pin=F2-1
Added Pin To Net: NetName=NetF2_1 Pin=Q2-2
Added Net: Name=NetF2_1
Added Pin To Net: NetName=NetQ3_1 Pin=Q3-1
Added Pin To Net: NetName=NetQ3_1 Pin=R29-2
Added Net: Name=NetQ3_1
Added Pin To Net: NetName=NetQ3_3 Pin=Q3-3
Added Pin To Net: NetName=NetQ3_3 Pin=R26-1
Added Pin To Net: NetName=NetQ3_3 Pin=R27-2
Added Net: Name=NetQ3_3
Added Pin To Net: NetName=NetQ9_1 Pin=Q9-1
Added Pin To Net: NetName=NetQ9_1 Pin=R36-2
Added Net: Name=NetQ9_1
Added Pin To Net: NetName=NetQ9_3 Pin=Q9-3
Added Pin To Net: NetName=NetQ9_3 Pin=R33-1
Added Pin To Net: NetName=NetQ9_3 Pin=R35-2
Added Net: Name=NetQ9_3
Added Pin To Net: NetName=NetQ10_1 Pin=Q10-1
Added Pin To Net: NetName=NetQ10_1 Pin=R43-2
Added Net: Name=NetQ10_1
Added Pin To Net: NetName=NetQ10_3 Pin=Q10-3
Added Pin To Net: NetName=NetQ10_3 Pin=R41-1
Added Pin To Net: NetName=NetQ10_3 Pin=R42-2
Added Net: Name=NetQ10_3
Added Pin To Net: NetName=NetR12_2 Pin=R12-2
Added Pin To Net: NetName=NetR12_2 Pin=U7-6
Added Net: Name=NetR12_2
Added Pin To Net: NetName=NetR26_2 Pin=R26-2
Added Pin To Net: NetName=NetR26_2 Pin=U10-2
Added Pin To Net: NetName=NetR26_2 Pin=U10-4
Added Net: Name=NetR26_2
Added Pin To Net: NetName=NetR28_2 Pin=R28-2
Added Net: Name=NetR28_2
Added Pin To Net: NetName=NetR32_2 Pin=R32-2
Added Net: Name=NetR32_2
Added Pin To Net: NetName=NetR33_2 Pin=R33-2
Added Pin To Net: NetName=NetR33_2 Pin=U10-1
Added Net: Name=NetR33_2
Added Pin To Net: NetName=NetR37_2 Pin=R37-2
Added Net: Name=NetR37_2
Added Pin To Net: NetName=NetR41_2 Pin=R41-2
Added Pin To Net: NetName=NetR41_2 Pin=U10-5
Added Net: Name=NetR41_2
Added Pin To Net: NetName=NetR44_1 Pin=R44-1
Added Pin To Net: NetName=NetR44_1 Pin=U6-17
Added Pin To Net: NetName=NetR44_1 Pin=U14-1
Added Net: Name=NetR44_1
Added Pin To Net: NetName=NetR44_2 Pin=R44-2
Added Pin To Net: NetName=NetR44_2 Pin=R45-1
Added Pin To Net: NetName=NetR44_2 Pin=U14-2
Added Net: Name=NetR44_2
Added Pin To Net: NetName=NetR46_1 Pin=R46-1
Added Pin To Net: NetName=NetR46_1 Pin=U14-3
Added Net: Name=NetR46_1
Added Pin To Net: NetName=REFER Pin=C22-2
Added Pin To Net: NetName=REFER Pin=C31-1
Added Pin To Net: NetName=REFER Pin=D7-1
Added Pin To Net: NetName=REFER Pin=Q6-3
Added Pin To Net: NetName=REFER Pin=U10-7
Added Net: Name=REFER
Added Pin To Net: NetName=SENSOR Pin=Q7-3
Added Pin To Net: NetName=SENSOR Pin=Q8-3
Added Pin To Net: NetName=SENSOR Pin=R46-2
Added Pin To Net: NetName=SENSOR Pin=R48-2
Added Net: Name=SENSOR
Added Pin To Net: NetName=SWITCH_21 Pin=Q5-2
Added Pin To Net: NetName=SWITCH_21 Pin=U10-3
Added Net: Name=SWITCH_21
Added Pin To Net: NetName=SWITCH_22 Pin=Q8-2
Added Pin To Net: NetName=SWITCH_22 Pin=U8-3
Added Net: Name=SWITCH_22
Added Pin To Net: NetName=SWITCH_23 Pin=Q4-2
Added Pin To Net: NetName=SWITCH_23 Pin=U10-6
Added Net: Name=SWITCH_23
Added Pin To Net: NetName=SWITCH_24 Pin=Q7-2
Added Pin To Net: NetName=SWITCH_24 Pin=U8-6
Added Net: Name=SWITCH_24
Added Pin To Net: NetName=VDD Pin=C21-1
Added Pin To Net: NetName=VDD Pin=D9-2
Added Pin To Net: NetName=VDD Pin=Q2-3
Added Pin To Net: NetName=VDD Pin=U7-14
Added Pin To Net: NetName=VDD Pin=U8-14
Added Pin To Net: NetName=VDD Pin=U9-3
Added Net: Name=VDD
Change Class Name : Old Net Name=YarnControl_Driver_v1.0 New Net Name=YarnControl_Driver_v1.1
Added Class: Name=YarnControl_motor_v1.1
