Removed Pin From Net: NetName=+5V Pin=J3-8
Added Component: Designator=J13(J508-2(1))
Added Component: Designator=Q1(901X)
Added Component: Designator=R1(RES-TH-E12)
Added Component: Designator=R2(RES-TH-E12)
Added Pin To Net: NetName=GND Pin=J13-2
Added Pin To Net: NetName=GND Pin=Q1-3
Added Pin To Net: NetName=DAC_OUT Pin=J3-8
Added Pin To Net: NetName=DAC_OUT Pin=J13-1
Added Net: Name=DAC_OUT
Added Pin To Net: NetName=EN1 Pin=J11-1
Added Net: Name=EN1
Added Pin To Net: NetName=EN2 Pin=J11-2
Added Net: Name=EN2
Added Pin To Net: NetName=NetDZ1_5 Pin=R1-2
Added Net: Name=NetDZ1_5
Added Pin To Net: NetName=NetQ1_1 Pin=Q1-1
Added Pin To Net: NetName=NetQ1_1 Pin=R1-1
Added Net: Name=NetQ1_1
Added Pin To Net: NetName=NetQ1_2 Pin=Q1-2
Added Pin To Net: NetName=NetQ1_2 Pin=R2-1
Added Net: Name=NetQ1_2
Added Pin To Net: NetName=SERVO_EN Pin=J5-6
Added Pin To Net: NetName=SERVO_EN Pin=R2-2
Added Net: Name=SERVO_EN
Change Class Name : Old Net Name=YarnControl_Connect_v1.1 New Net Name=YarnControl_Connect_v1.2
Added Member To Class: ClassName=YarnControl_Connect_v1.2 Member=Component J13 SH-2
Added Member To Class: ClassName=YarnControl_Connect_v1.2 Member=Component Q1 8050
Added Member To Class: ClassName=YarnControl_Connect_v1.2 Member=Component R1 0R
Added Member To Class: ClassName=YarnControl_Connect_v1.2 Member=Component R2 10K
