Removed Pin From Net: NetName=GND Pin=J4-10
Removed Pin From Net: NetName=GND Pin=J4-11
Removed Pin From Net: NetName=+5V Pin=J5-8
Removed Pin From Net: NetName=GND Pin=J5-16
Removed Pin From Net: NetName=GND Pin=J5-17
Removed Pin From Net: NetName=CLOSE_SW Pin=J6-2
Removed Pin From Net: NetName=485_DE Pin=U1-24
Removed Pin From Net: NetName=FLASH_SPI_NSS Pin=U1-29
Removed Pin From Net: NetName=STEP_MOTOR3_CP Pin=U1-45
Removed Pin From Net: NetName=DIFF_OUTPUT2- Pin=U9-5
Removed Pin From Net: NetName=DIFF_OUTPUT2+ Pin=U9-6
Removed Member From Class: ClassName=mainboard_interface.v1.2 Member=J6
Removed Member From Class: ClassName=mainboard_motor.v1.2 Member=R37
Removed Member From Class: ClassName=mainboard_motor.v1.2 Member=R41
Removed Member From Class: ClassName=mainboard_motor.v1.2 Member=R43
Removed Member From Class: ClassName=mainboard_motor.v1.2 Member=R44
Removed Member From Class: ClassName=mainboard_motor.v1.2 Member=R46
Removed Member From Class: ClassName=mainboard_motor.v1.2 Member=R47
Change Component Comment : Designator=R40 Old Comment=100R New Comment=10K
Change Component Comment : Designator=R42 Old Comment=100R New Comment=10K
Added Pin To Net: NetName=CLOSE_SW Pin=R28-2
Added Pin To Net: NetName=+5V Pin=R40-2
Added Pin To Net: NetName=+5V Pin=R42-1
Added Pin To Net: NetName=FLASH_SPI_NSS Pin=U1-23
Added Pin To Net: NetName=STEP_MOTOR3_CP Pin=U1-24
Added Pin To Net: NetName=485_DE Pin=U1-45
Added Pin To Net: NetName=CLOSE_SW Pin=U8-4
Change Net Name : Old Net Name=DIFF_IN2 New Net Name=SERVO_PP
Change Net Name : Old Net Name=DIFF_OUTPUT1+ New Net Name=OUT_SERVO_PD+
Change Net Name : Old Net Name=DIFF_OUTPUT1- New Net Name=OUT_SERVO_PD-
Added Pin To Net: NetName=ANALOG_OUT1 Pin=J5-8
Added Net: Name=ANALOG_OUT1
Added Pin To Net: NetName=DAC_OUT1 Pin=U1-29
Added Net: Name=DAC_OUT1
Added Pin To Net: NetName=ONOFF Pin=R52-2
Added Pin To Net: NetName=ONOFF Pin=U1-65
Added Pin To Net: NetName=ONOFF Pin=U11-4
Added Net: Name=ONOFF
Added Pin To Net: NetName=OUT_SERVO_PP+ Pin=U9-6
Added Net: Name=OUT_SERVO_PP+
Added Pin To Net: NetName=OUT_SERVO_PP- Pin=U9-5
Added Net: Name=OUT_SERVO_PP-
Added Pin To Net: NetName=SERVO_PD Pin=R35-2
Added Pin To Net: NetName=SERVO_PD Pin=U1-60
Added Net: Name=SERVO_PD
Change Class Name : Old Net Name=mainboard_interface.v1.2 New Net Name=mainboard_interface.v1.3
Change Class Name : Old Net Name=mainboard_mcu.v1.2 New Net Name=mainboard_mcu.v1.3
Change Class Name : Old Net Name=mainboard_motor.v1.2 New Net Name=mainboard_motor.v1.3
Change Class Name : Old Net Name=mainboard_rs485.v1.2 New Net Name=mainboard_rs485.v1.3
Change Class Name : Old Net Name=mainboard_wifi.v1.2 New Net Name=mainboard_wifi.v1.3
