Added Component: Designator=C25(0805)
Added Component: Designator=C26(0805)
Added Component: Designator=C27(0805)
Added Component: Designator=C28(0805)
Added Component: Designator=C29(0805)
Added Component: Designator=C30(0805)
Added Component: Designator=C31(0805)
Added Component: Designator=C32(0805)
Added Component: Designator=C33(0805)
Added Component: Designator=C34(0805)
Added Component: Designator=C35(0805)
Added Component: Designator=C36(0805)
Added Component: Designator=C37(0805)
Added Pin To Net: NetName=GND Pin=C25-1
Added Pin To Net: NetName=+3.3V Pin=C25-2
Added Pin To Net: NetName=GND Pin=C26-1
Added Pin To Net: NetName=+3.3V Pin=C26-2
Added Pin To Net: NetName=GND Pin=C27-1
Added Pin To Net: NetName=+3.3V Pin=C27-2
Added Pin To Net: NetName=GND Pin=C28-1
Added Pin To Net: NetName=+3.3V Pin=C28-2
Added Pin To Net: NetName=GND Pin=C29-1
Added Pin To Net: NetName=+3.3V Pin=C29-2
Added Pin To Net: NetName=GND Pin=C30-1
Added Pin To Net: NetName=+3.3V Pin=C30-2
Added Pin To Net: NetName=GND Pin=C31-1
Added Pin To Net: NetName=+3.3V Pin=C31-2
Added Pin To Net: NetName=GND Pin=C32-1
Added Pin To Net: NetName=+3.3V Pin=C32-2
Added Pin To Net: NetName=GND Pin=C33-1
Added Pin To Net: NetName=+5V Pin=C33-2
Added Pin To Net: NetName=GND Pin=C34-1
Added Pin To Net: NetName=+5V Pin=C34-2
Added Pin To Net: NetName=GND Pin=C35-1
Added Pin To Net: NetName=+5V Pin=C35-2
Added Pin To Net: NetName=GND Pin=C36-1
Added Pin To Net: NetName=+5V Pin=C36-2
Added Pin To Net: NetName=GND Pin=C37-1
Added Pin To Net: NetName=+5V Pin=C37-2
Added Member To Class: ClassName=mainboard_rs485.v1.0 Member=Component C25 0.1uF
Added Member To Class: ClassName=mainboard_rs485.v1.0 Member=Component C26 0.1uF
Added Member To Class: ClassName=mainboard_rs485.v1.0 Member=Component C27 0.1uF
Added Member To Class: ClassName=mainboard_rs485.v1.0 Member=Component C28 0.1uF
Added Member To Class: ClassName=mainboard_rs485.v1.0 Member=Component C29 0.1uF
Added Member To Class: ClassName=mainboard_rs485.v1.0 Member=Component C30 0.1uF
Added Member To Class: ClassName=mainboard_rs485.v1.0 Member=Component C31 0.1uF
Added Member To Class: ClassName=mainboard_rs485.v1.0 Member=Component C32 0.1uF
Added Member To Class: ClassName=mainboard_rs485.v1.0 Member=Component C33 0.1uF
Added Member To Class: ClassName=mainboard_rs485.v1.0 Member=Component C34 0.1uF
Added Member To Class: ClassName=mainboard_rs485.v1.0 Member=Component C35 0.1uF
Added Member To Class: ClassName=mainboard_rs485.v1.0 Member=Component C36 0.1uF
Added Member To Class: ClassName=mainboard_rs485.v1.0 Member=Component C37 0.1uF
