Added Component: Designator=C1(0805)
Added Component: Designator=C2(0805)
Added Component: Designator=C3(0805)
Added Component: Designator=C4(0805)
Added Component: Designator=C5(0805)
Added Component: Designator=C6(0805)
Added Component: Designator=C7(0805)
Added Component: Designator=C8(0805)
Added Component: Designator=C9(0805)
Added Component: Designator=C10(0805)
Added Component: Designator=C11(0805)
Added Component: Designator=C12(0805)
Added Component: Designator=C13(0805)
Added Component: Designator=C14(CAP-5mm)
Added Component: Designator=C15(1812)
Added Component: Designator=C16(0805)
Added Component: Designator=C17(0805)
Added Component: Designator=C18(0805)
Added Component: Designator=C19(0805)
Added Component: Designator=C20(0805)
Added Component: Designator=C21(0805)
Added Component: Designator=C22(0805)
Added Component: Designator=C23(0805)
Added Component: Designator=C24(0805)
Added Component: Designator=D1(SMBJ_DO-214)
Added Component: Designator=D2(SMBJ_DO-214)
Added Component: Designator=D3(Diode_TP2)
Added Component: Designator=F1(1206)
Added Component: Designator=FB1(0805)
Added Component: Designator=J1(J254-2)
Added Component: Designator=J2(J254-4)
Added Component: Designator=J3(J2.54-3)
Added Component: Designator=J4(XH2.54-6)
Added Component: Designator=J5(XH2.54-6)
Added Component: Designator=J6(XH2.54-6)
Added Component: Designator=J7(J5.08_4(NoEar))
Added Component: Designator=J8(FCC1.0-10)
Added Component: Designator=J9(PH2.0-3T)
Added Component: Designator=J10(USB_FEMALE_A)
Added Component: Designator=J11(PH2.0-6P)
Added Component: Designator=J12(J254-4)
Added Component: Designator=L1(0805)
Added Component: Designator=LED1(LED)
Added Component: Designator=R1(0805)
Added Component: Designator=R2(0805)
Added Component: Designator=R3(0805)
Added Component: Designator=R4(0805)
Added Component: Designator=R5(0805)
Added Component: Designator=R6(0805)
Added Component: Designator=R7(0805)
Added Component: Designator=R8(0805)
Added Component: Designator=R9(0805)
Added Component: Designator=R10(0805)
Added Component: Designator=R11(0805)
Added Component: Designator=R12(0805)
Added Component: Designator=R13(0805)
Added Component: Designator=R14(0805)
Added Component: Designator=R15(0805)
Added Component: Designator=R16(0805)
Added Component: Designator=R17(0805)
Added Component: Designator=R18(0805)
Added Component: Designator=R19(0805)
Added Component: Designator=R20(0805)
Added Component: Designator=R21(0805)
Added Component: Designator=R22(0805)
Added Component: Designator=R23(0805)
Added Component: Designator=R24(0805)
Added Component: Designator=R25(0805)
Added Component: Designator=R26(0805)
Added Component: Designator=R27(0805)
Added Component: Designator=R28(0805)
Added Component: Designator=R29(0805)
Added Component: Designator=R30(0805)
Added Component: Designator=R31(0805)
Added Component: Designator=R32(0805)
Added Component: Designator=R33(0805)
Added Component: Designator=U1(TQFP100)
Added Component: Designator=U3(SO-8)
Added Component: Designator=U4(SOIC_W_20)
Added Component: Designator=U5(SO-8)
Added Component: Designator=U6(TO-223)
Added Component: Designator=U7(ESP-12F)
Added Component: Designator=U8(DIP-4)
Added Component: Designator=Y1(XTAL)
Added Component: Designator=ZD1(DO-214AA/SMB)
Added Pin To Net: NetName=+3.3V Pin=C6-2
Added Pin To Net: NetName=+3.3V Pin=C7-2
Added Pin To Net: NetName=+3.3V Pin=C8-2
Added Pin To Net: NetName=+3.3V Pin=C9-2
Added Pin To Net: NetName=+3.3V Pin=C24-2
Added Pin To Net: NetName=+3.3V Pin=FB1-2
Added Pin To Net: NetName=+3.3V Pin=J1-2
Added Pin To Net: NetName=+3.3V Pin=J2-1
Added Pin To Net: NetName=+3.3V Pin=R1-2
Added Pin To Net: NetName=+3.3V Pin=R3-2
Added Pin To Net: NetName=+3.3V Pin=R5-1
Added Pin To Net: NetName=+3.3V Pin=R6-2
Added Pin To Net: NetName=+3.3V Pin=R7-2
Added Pin To Net: NetName=+3.3V Pin=R8-2
Added Pin To Net: NetName=+3.3V Pin=R28-1
Added Pin To Net: NetName=+3.3V Pin=R31-1
Added Pin To Net: NetName=+3.3V Pin=R32-1
Added Pin To Net: NetName=+3.3V Pin=R33-1
Added Pin To Net: NetName=+3.3V Pin=U1-6
Added Pin To Net: NetName=+3.3V Pin=U1-11
Added Pin To Net: NetName=+3.3V Pin=U1-19
Added Pin To Net: NetName=+3.3V Pin=U1-21
Added Pin To Net: NetName=+3.3V Pin=U1-22
Added Pin To Net: NetName=+3.3V Pin=U1-28
Added Pin To Net: NetName=+3.3V Pin=U1-50
Added Pin To Net: NetName=+3.3V Pin=U1-75
Added Pin To Net: NetName=+3.3V Pin=U1-100
Added Pin To Net: NetName=+3.3V Pin=U3-8
Added Pin To Net: NetName=+3.3V Pin=U4-2
Added Pin To Net: NetName=+3.3V Pin=U4-8
Added Pin To Net: NetName=+3.3V Pin=U7-8
Added Net: Name=+3.3V
Added Pin To Net: NetName=+5V Pin=C13-2
Added Pin To Net: NetName=+5V Pin=C15-2
Added Pin To Net: NetName=+5V Pin=C16-2
Added Pin To Net: NetName=+5V Pin=J4-1
Added Pin To Net: NetName=+5V Pin=J5-1
Added Pin To Net: NetName=+5V Pin=J6-1
Added Pin To Net: NetName=+5V Pin=J8-1
Added Pin To Net: NetName=+5V Pin=J8-2
Added Pin To Net: NetName=+5V Pin=J8-3
Added Pin To Net: NetName=+5V Pin=J12-3
Added Pin To Net: NetName=+5V Pin=L1-2
Added Pin To Net: NetName=+5V Pin=R19-1
Added Pin To Net: NetName=+5V Pin=R30-1
Added Pin To Net: NetName=+5V Pin=U6-3
Added Net: Name=+5V
Added Pin To Net: NetName=+24V Pin=C14-1
Added Pin To Net: NetName=+24V Pin=F1-1
Added Pin To Net: NetName=+24V Pin=J4-6
Added Pin To Net: NetName=+24V Pin=J5-6
Added Pin To Net: NetName=+24V Pin=J6-6
Added Pin To Net: NetName=+24V Pin=J7-1
Added Pin To Net: NetName=+24V Pin=J9-1
Added Pin To Net: NetName=+24V Pin=J11-1
Added Net: Name=+24V
Added Pin To Net: NetName=485_DE Pin=R14-1
Added Pin To Net: NetName=485_DE Pin=U1-24
Added Net: Name=485_DE
Added Pin To Net: NetName=485_RX Pin=R11-1
Added Pin To Net: NetName=485_RX Pin=U1-25
Added Pin To Net: NetName=485_RX Pin=U1-26
Added Net: Name=485_RX
Added Pin To Net: NetName=485_TX Pin=R15-1
Added Net: Name=485_TX
Added Pin To Net: NetName=BOOT0 Pin=J1-1
Added Pin To Net: NetName=BOOT0 Pin=R2-1
Added Pin To Net: NetName=BOOT0 Pin=U1-94
Added Net: Name=BOOT0
Added Pin To Net: NetName=BOOT1 Pin=R4-1
Added Pin To Net: NetName=BOOT1 Pin=U1-37
Added Net: Name=BOOT1
Added Pin To Net: NetName=CLOSE_SW Pin=R28-2
Added Pin To Net: NetName=CLOSE_SW Pin=U1-60
Added Pin To Net: NetName=CLOSE_SW Pin=U8-4
Added Net: Name=CLOSE_SW
Added Pin To Net: NetName=ENCODER_A Pin=J11-2
Added Pin To Net: NetName=ENCODER_A Pin=R31-2
Added Pin To Net: NetName=ENCODER_A Pin=U1-65
Added Net: Name=ENCODER_A
Added Pin To Net: NetName=ENCODER_B Pin=J11-3
Added Pin To Net: NetName=ENCODER_B Pin=J11-4
Added Pin To Net: NetName=ENCODER_B Pin=R32-2
Added Pin To Net: NetName=ENCODER_B Pin=R33-2
Added Pin To Net: NetName=ENCODER_B Pin=U1-63
Added Pin To Net: NetName=ENCODER_B Pin=U1-64
Added Net: Name=ENCODER_B
Added Pin To Net: NetName=FLASH_SPI_MISO Pin=U1-31
Added Net: Name=FLASH_SPI_MISO
Added Pin To Net: NetName=FLASH_SPI_MOSI Pin=U1-32
Added Net: Name=FLASH_SPI_MOSI
Added Pin To Net: NetName=FLASH_SPI_NSS Pin=U1-29
Added Net: Name=FLASH_SPI_NSS
Added Pin To Net: NetName=FLASH_SPI_SCK Pin=U1-30
Added Net: Name=FLASH_SPI_SCK
Added Pin To Net: NetName=GND-485 Pin=C10-1
Added Pin To Net: NetName=GND-485 Pin=C11-1
Added Pin To Net: NetName=GND-485 Pin=D1-1
Added Pin To Net: NetName=GND-485 Pin=D2-1
Added Pin To Net: NetName=GND-485 Pin=R16-1
Added Pin To Net: NetName=GND-485 Pin=U4-11
Added Pin To Net: NetName=GND-485 Pin=U4-14
Added Pin To Net: NetName=GND-485 Pin=U4-16
Added Pin To Net: NetName=GND-485 Pin=U4-20
Added Net: Name=GND-485
Added Pin To Net: NetName=GND Pin=C1-1
Added Pin To Net: NetName=GND Pin=C2-1
Added Pin To Net: NetName=GND Pin=C3-2
Added Pin To Net: NetName=GND Pin=C4-2
Added Pin To Net: NetName=GND Pin=C5-2
Added Pin To Net: NetName=GND Pin=C6-1
Added Pin To Net: NetName=GND Pin=C7-1
Added Pin To Net: NetName=GND Pin=C8-1
Added Pin To Net: NetName=GND Pin=C9-1
Added Pin To Net: NetName=GND Pin=C13-1
Added Pin To Net: NetName=GND Pin=C14-2
Added Pin To Net: NetName=GND Pin=C15-1
Added Pin To Net: NetName=GND Pin=C16-1
Added Pin To Net: NetName=GND Pin=C17-2
Added Pin To Net: NetName=GND Pin=C18-2
Added Pin To Net: NetName=GND Pin=C19-1
Added Pin To Net: NetName=GND Pin=C20-1
Added Pin To Net: NetName=GND Pin=C21-1
Added Pin To Net: NetName=GND Pin=C23-2
Added Pin To Net: NetName=GND Pin=C24-1
Added Pin To Net: NetName=GND Pin=D3-1
Added Pin To Net: NetName=GND Pin=J2-4
Added Pin To Net: NetName=GND Pin=J3-3
Added Pin To Net: NetName=GND Pin=J4-5
Added Pin To Net: NetName=GND Pin=J5-5
Added Pin To Net: NetName=GND Pin=J6-5
Added Pin To Net: NetName=GND Pin=J7-2
Added Pin To Net: NetName=GND Pin=J8-8
Added Pin To Net: NetName=GND Pin=J8-9
Added Pin To Net: NetName=GND Pin=J8-10
Added Pin To Net: NetName=GND Pin=J8-11
Added Pin To Net: NetName=GND Pin=J8-12
Added Pin To Net: NetName=GND Pin=J10-4
Added Pin To Net: NetName=GND Pin=J10-5
Added Pin To Net: NetName=GND Pin=J10-6
Added Pin To Net: NetName=GND Pin=J11-5
Added Pin To Net: NetName=GND Pin=J11-6
Added Pin To Net: NetName=GND Pin=J12-4
Added Pin To Net: NetName=GND Pin=R2-2
Added Pin To Net: NetName=GND Pin=R4-2
Added Pin To Net: NetName=GND Pin=R17-1
Added Pin To Net: NetName=GND Pin=R20-1
Added Pin To Net: NetName=GND Pin=R21-1
Added Pin To Net: NetName=GND Pin=R22-1
Added Pin To Net: NetName=GND Pin=R24-2
Added Pin To Net: NetName=GND Pin=R25-2
Added Pin To Net: NetName=GND Pin=U1-10
Added Pin To Net: NetName=GND Pin=U1-27
Added Pin To Net: NetName=GND Pin=U1-74
Added Pin To Net: NetName=GND Pin=U1-99
Added Pin To Net: NetName=GND Pin=U3-4
Added Pin To Net: NetName=GND Pin=U4-1
Added Pin To Net: NetName=GND Pin=U4-3
Added Pin To Net: NetName=GND Pin=U4-9
Added Pin To Net: NetName=GND Pin=U4-10
Added Pin To Net: NetName=GND Pin=U5-5
Added Pin To Net: NetName=GND Pin=U6-1
Added Pin To Net: NetName=GND Pin=U7-15
Added Pin To Net: NetName=GND Pin=U8-2
Added Pin To Net: NetName=GND Pin=U8-3
Added Net: Name=GND
Added Pin To Net: NetName=IIC1_SCL Pin=R7-1
Added Pin To Net: NetName=IIC1_SCL Pin=U1-92
Added Pin To Net: NetName=IIC1_SCL Pin=U3-6
Added Net: Name=IIC1_SCL
Added Pin To Net: NetName=IIC1_SDA Pin=R8-1
Added Pin To Net: NetName=IIC1_SDA Pin=U1-93
Added Pin To Net: NetName=IIC1_SDA Pin=U3-5
Added Net: Name=IIC1_SDA
Added Pin To Net: NetName=LCD_RXD Pin=R27-2
Added Pin To Net: NetName=LCD_RXD Pin=U1-79
Added Net: Name=LCD_RXD
Added Pin To Net: NetName=LCD_TXD Pin=R26-2
Added Pin To Net: NetName=LCD_TXD Pin=U1-78
Added Net: Name=LCD_TXD
Added Pin To Net: NetName=LED Pin=LED1-2
Added Net: Name=LED
Added Pin To Net: NetName=NetC2_2 Pin=C2-2
Added Pin To Net: NetName=NetC2_2 Pin=U1-73
Added Net: Name=NetC2_2
Added Pin To Net: NetName=NetC5_1 Pin=C5-1
Added Pin To Net: NetName=NetC5_1 Pin=U1-49
Added Net: Name=NetC5_1
Added Pin To Net: NetName=NetC12_1 Pin=C12-1
Added Pin To Net: NetName=NetC12_1 Pin=U5-8
Added Net: Name=NetC12_1
Added Pin To Net: NetName=NetC12_2 Pin=C12-2
Added Pin To Net: NetName=NetC12_2 Pin=D3-2
Added Pin To Net: NetName=NetC12_2 Pin=L1-1
Added Pin To Net: NetName=NetC12_2 Pin=U5-1
Added Net: Name=NetC12_2
Added Pin To Net: NetName=NetC17_1 Pin=C17-1
Added Pin To Net: NetName=NetC17_1 Pin=C18-1
Added Pin To Net: NetName=NetC17_1 Pin=F1-2
Added Pin To Net: NetName=NetC17_1 Pin=R18-2
Added Pin To Net: NetName=NetC17_1 Pin=U5-7
Added Net: Name=NetC17_1
Added Pin To Net: NetName=NetC19_2 Pin=C19-2
Added Pin To Net: NetName=NetC19_2 Pin=C20-2
Added Pin To Net: NetName=NetC19_2 Pin=C21-2
Added Pin To Net: NetName=NetC19_2 Pin=FB1-1
Added Pin To Net: NetName=NetC19_2 Pin=U6-0
Added Pin To Net: NetName=NetC19_2 Pin=U6-2
Added Net: Name=NetC19_2
Added Pin To Net: NetName=NetC22_1 Pin=C22-1
Added Pin To Net: NetName=NetC22_1 Pin=C23-1
Added Pin To Net: NetName=NetC22_1 Pin=U5-3
Added Net: Name=NetC22_1
Added Pin To Net: NetName=NetC22_2 Pin=C22-2
Added Pin To Net: NetName=NetC22_2 Pin=R22-2
Added Net: Name=NetC22_2
Added Pin To Net: NetName=NetJ8_5 Pin=J8-5
Added Pin To Net: NetName=NetJ8_5 Pin=R26-1
Added Net: Name=NetJ8_5
Added Pin To Net: NetName=NetJ8_6 Pin=J8-6
Added Pin To Net: NetName=NetJ8_6 Pin=R27-1
Added Net: Name=NetJ8_6
Added Pin To Net: NetName=NetJ9_2 Pin=J9-2
Added Pin To Net: NetName=NetJ9_2 Pin=R29-2
Added Net: Name=NetJ9_2
Added Pin To Net: NetName=NetJ10_1 Pin=J10-1
Added Pin To Net: NetName=NetJ10_1 Pin=R30-2
Added Net: Name=NetJ10_1
Added Pin To Net: NetName=NetLED1_1 Pin=LED1-1
Added Pin To Net: NetName=NetLED1_1 Pin=R3-1
Added Net: Name=NetLED1_1
Added Pin To Net: NetName=NetR5_2 Pin=R5-2
Added Net: Name=NetR5_2
Added Pin To Net: NetName=NetR6_1 Pin=R6-1
Added Net: Name=NetR6_1
Added Pin To Net: NetName=NetR10_1 Pin=R10-1
Added Pin To Net: NetName=NetR10_1 Pin=U4-13
Added Pin To Net: NetName=NetR10_1 Pin=U4-18
Added Net: Name=NetR10_1
Added Pin To Net: NetName=NetR11_2 Pin=R11-2
Added Pin To Net: NetName=NetR11_2 Pin=U4-4
Added Net: Name=NetR11_2
Added Pin To Net: NetName=NetR12_1 Pin=R12-1
Added Pin To Net: NetName=NetR12_1 Pin=U4-15
Added Pin To Net: NetName=NetR12_1 Pin=U4-17
Added Net: Name=NetR12_1
Added Pin To Net: NetName=NetR14_2 Pin=R14-2
Added Pin To Net: NetName=NetR14_2 Pin=R17-2
Added Pin To Net: NetName=NetR14_2 Pin=U4-5
Added Pin To Net: NetName=NetR14_2 Pin=U4-6
Added Net: Name=NetR14_2
Added Pin To Net: NetName=NetR15_2 Pin=R15-2
Added Pin To Net: NetName=NetR15_2 Pin=U4-7
Added Net: Name=NetR15_2
Added Pin To Net: NetName=NetR18_1 Pin=R18-1
Added Pin To Net: NetName=NetR18_1 Pin=U5-2
Added Net: Name=NetR18_1
Added Pin To Net: NetName=NetR19_2 Pin=R19-2
Added Pin To Net: NetName=NetR19_2 Pin=R20-2
Added Pin To Net: NetName=NetR19_2 Pin=U5-4
Added Net: Name=NetR19_2
Added Pin To Net: NetName=NetR21_2 Pin=R21-2
Added Pin To Net: NetName=NetR21_2 Pin=U5-6
Added Net: Name=NetR21_2
Added Pin To Net: NetName=NetR23_2 Pin=R23-2
Added Pin To Net: NetName=NetR23_2 Pin=U7-3
Added Net: Name=NetR23_2
Added Pin To Net: NetName=NetR24_1 Pin=R24-1
Added Pin To Net: NetName=NetR24_1 Pin=U7-18
Added Net: Name=NetR24_1
Added Pin To Net: NetName=NetR25_1 Pin=R25-1
Added Pin To Net: NetName=NetR25_1 Pin=U7-16
Added Net: Name=NetR25_1
Added Pin To Net: NetName=NetR29_1 Pin=R29-1
Added Pin To Net: NetName=NetR29_1 Pin=U8-1
Added Net: Name=NetR29_1
Added Pin To Net: NetName=NRST Pin=C1-2
Added Pin To Net: NetName=NRST Pin=R1-1
Added Pin To Net: NetName=NRST Pin=U1-14
Added Net: Name=NRST
Added Pin To Net: NetName=OSC_IN Pin=C3-1
Added Pin To Net: NetName=OSC_IN Pin=U1-12
Added Pin To Net: NetName=OSC_IN Pin=Y1-2
Added Net: Name=OSC_IN
Added Pin To Net: NetName=OSC_OUT Pin=C4-1
Added Pin To Net: NetName=OSC_OUT Pin=U1-13
Added Pin To Net: NetName=OSC_OUT Pin=Y1-1
Added Net: Name=OSC_OUT
Added Pin To Net: NetName=RFID_RXD Pin=J12-2
Added Net: Name=RFID_RXD
Added Pin To Net: NetName=RFID_TXD Pin=J12-1
Added Net: Name=RFID_TXD
Added Pin To Net: NetName=RS485_A Pin=D1-2
Added Pin To Net: NetName=RS485_A Pin=J7-3
Added Pin To Net: NetName=RS485_A Pin=R9-1
Added Pin To Net: NetName=RS485_A Pin=R10-2
Added Pin To Net: NetName=RS485_A Pin=R13-2
Added Pin To Net: NetName=RS485_A Pin=ZD1-1
Added Net: Name=RS485_A
Added Pin To Net: NetName=RS485_B Pin=D2-2
Added Pin To Net: NetName=RS485_B Pin=J7-4
Added Pin To Net: NetName=RS485_B Pin=R12-2
Added Pin To Net: NetName=RS485_B Pin=R13-1
Added Pin To Net: NetName=RS485_B Pin=R16-2
Added Pin To Net: NetName=RS485_B Pin=ZD1-2
Added Net: Name=RS485_B
Added Pin To Net: NetName=STEP_MOTOR1_CP Pin=J4-2
Added Pin To Net: NetName=STEP_MOTOR1_CP Pin=U1-35
Added Net: Name=STEP_MOTOR1_CP
Added Pin To Net: NetName=STEP_MOTOR1_DIR Pin=J4-3
Added Pin To Net: NetName=STEP_MOTOR1_DIR Pin=U1-34
Added Net: Name=STEP_MOTOR1_DIR
Added Pin To Net: NetName=STEP_MOTOR1_EN Pin=J4-4
Added Pin To Net: NetName=STEP_MOTOR1_EN Pin=U1-33
Added Net: Name=STEP_MOTOR1_EN
Added Pin To Net: NetName=STEP_MOTOR2_CP Pin=J5-2
Added Pin To Net: NetName=STEP_MOTOR2_CP Pin=U1-42
Added Net: Name=STEP_MOTOR2_CP
Added Pin To Net: NetName=STEP_MOTOR2_DIR Pin=J5-3
Added Pin To Net: NetName=STEP_MOTOR2_DIR Pin=U1-41
Added Net: Name=STEP_MOTOR2_DIR
Added Pin To Net: NetName=STEP_MOTOR2_EN Pin=U1-40
Added Net: Name=STEP_MOTOR2_EN
Added Pin To Net: NetName=STEP_MOTOR3_CP Pin=J6-2
Added Pin To Net: NetName=STEP_MOTOR3_CP Pin=U1-45
Added Net: Name=STEP_MOTOR3_CP
Added Pin To Net: NetName=STEP_MOTOR3_DIR Pin=J6-3
Added Pin To Net: NetName=STEP_MOTOR3_DIR Pin=U1-44
Added Net: Name=STEP_MOTOR3_DIR
Added Pin To Net: NetName=STEP_MOTOR3_EN Pin=J5-4
Added Pin To Net: NetName=STEP_MOTOR3_EN Pin=J6-4
Added Pin To Net: NetName=STEP_MOTOR3_EN Pin=U1-43
Added Net: Name=STEP_MOTOR3_EN
Added Pin To Net: NetName=SWCLK Pin=J2-3
Added Pin To Net: NetName=SWCLK Pin=U1-76
Added Net: Name=SWCLK
Added Pin To Net: NetName=SWDIO Pin=J2-2
Added Pin To Net: NetName=SWDIO Pin=U1-72
Added Net: Name=SWDIO
Added Pin To Net: NetName=UART1_RX Pin=J3-1
Added Pin To Net: NetName=UART1_RX Pin=U1-69
Added Net: Name=UART1_RX
Added Pin To Net: NetName=UART1_TX Pin=J3-2
Added Pin To Net: NetName=UART1_TX Pin=U1-68
Added Net: Name=UART1_TX
Added Pin To Net: NetName=USB_DM Pin=J10-2
Added Pin To Net: NetName=USB_DM Pin=U1-70
Added Net: Name=USB_DM
Added Pin To Net: NetName=USB_DP Pin=J10-3
Added Pin To Net: NetName=USB_DP Pin=U1-71
Added Net: Name=USB_DP
Added Pin To Net: NetName=V485 Pin=C10-2
Added Pin To Net: NetName=V485 Pin=C11-2
Added Pin To Net: NetName=V485 Pin=R9-2
Added Pin To Net: NetName=V485 Pin=U4-12
Added Pin To Net: NetName=V485 Pin=U4-19
Added Net: Name=V485
Added Pin To Net: NetName=WIFI_EN Pin=R23-1
Added Pin To Net: NetName=WIFI_EN Pin=U1-46
Added Pin To Net: NetName=WIFI_EN Pin=U7-1
Added Net: Name=WIFI_EN
Added Pin To Net: NetName=WIFI_RXD Pin=U1-48
Added Pin To Net: NetName=WIFI_RXD Pin=U7-22
Added Net: Name=WIFI_RXD
Added Pin To Net: NetName=WIFI_TXD Pin=U1-47
Added Pin To Net: NetName=WIFI_TXD Pin=U7-21
Added Net: Name=WIFI_TXD
Added Class: Name=mainboard_interface.v1.0
Added Class: Name=mainboard_mcu.v1.0
Added Class: Name=mainboard_motor.v1.0
Added Class: Name=mainboard_rs485.v1.0
Added Class: Name=mainboard_wifi.v1.0
