Removed Pin From Net: NetName=NetQ1_1 Pin=R19-1
Removed Pin From Net: NetName=+24V Pin=R20-1
Removed Pin From Net: NetName=NetQ1_1 Pin=R20-2
Removed Pin From Net: NetName=NetQ2_1 Pin=R21-1
Removed Pin From Net: NetName=+24V Pin=R22-1
Removed Pin From Net: NetName=NetQ2_1 Pin=R22-2
Removed Pin From Net: NetName=NetQ3_1 Pin=R23-1
Removed Pin From Net: NetName=+24V Pin=R24-1
Removed Pin From Net: NetName=NetQ3_1 Pin=R24-2
Removed Pin From Net: NetName=NetQ4_1 Pin=R25-1
Removed Pin From Net: NetName=+24V Pin=R26-1
Removed Pin From Net: NetName=NetQ4_1 Pin=R26-2
Removed Pin From Net: NetName=NetQ5_1 Pin=R27-1
Removed Pin From Net: NetName=+24V Pin=R28-1
Removed Pin From Net: NetName=NetQ5_1 Pin=R28-2
Removed Pin From Net: NetName=NetQ6_1 Pin=R29-1
Removed Pin From Net: NetName=+24V Pin=R30-1
Removed Pin From Net: NetName=NetQ6_1 Pin=R30-2
Added Pin To Net: NetName=+24V Pin=R19-1
Added Pin To Net: NetName=NetQ1_1 Pin=R19-2
Added Pin To Net: NetName=NetQ1_1 Pin=R20-1
Added Pin To Net: NetName=+24V Pin=R21-1
Added Pin To Net: NetName=NetQ2_1 Pin=R21-2
Added Pin To Net: NetName=NetQ2_1 Pin=R22-1
Added Pin To Net: NetName=+24V Pin=R23-1
Added Pin To Net: NetName=NetQ3_1 Pin=R23-2
Added Pin To Net: NetName=NetQ3_1 Pin=R24-1
Added Pin To Net: NetName=+24V Pin=R25-1
Added Pin To Net: NetName=NetQ4_1 Pin=R25-2
Added Pin To Net: NetName=NetQ4_1 Pin=R26-1
Added Pin To Net: NetName=+24V Pin=R27-1
Added Pin To Net: NetName=NetQ5_1 Pin=R27-2
Added Pin To Net: NetName=NetQ5_1 Pin=R28-1
Added Pin To Net: NetName=+24V Pin=R29-1
Added Pin To Net: NetName=NetQ6_1 Pin=R29-2
Added Pin To Net: NetName=NetQ6_1 Pin=R30-1
Added Pin To Net: NetName=NetR20_2 Pin=R20-2
Added Pin To Net: NetName=NetR20_2 Pin=U1-9
Added Pin To Net: NetName=NetR20_2 Pin=U1-13
Added Net: Name=NetR20_2
Added Pin To Net: NetName=NetR22_2 Pin=R22-2
Added Pin To Net: NetName=NetR22_2 Pin=U1-12
Added Net: Name=NetR22_2
Added Pin To Net: NetName=NetR24_2 Pin=R24-2
Added Pin To Net: NetName=NetR24_2 Pin=U1-10
Added Net: Name=NetR24_2
Added Pin To Net: NetName=NetR26_2 Pin=R26-2
Added Pin To Net: NetName=NetR26_2 Pin=U1-2
Added Pin To Net: NetName=NetR26_2 Pin=U1-4
Added Net: Name=NetR26_2
Added Pin To Net: NetName=NetR28_2 Pin=R28-2
Added Pin To Net: NetName=NetR28_2 Pin=U1-1
Added Net: Name=NetR28_2
Added Pin To Net: NetName=NetR30_2 Pin=R30-2
Added Pin To Net: NetName=NetR30_2 Pin=U1-5
Added Net: Name=NetR30_2
