Removed Pin From Net: NetName=NetD12_2 Pin=R?-1
Removed Pin From Net: NetName=NetR?_2 Pin=R?-2
Added Component: Designator=D1(SOD123)
Added Component: Designator=D2(SOD123)
Added Component: Designator=D6(SOD123)
Added Pin To Net: NetName=+24V Pin=D1-1
Added Pin To Net: NetName=GND Pin=D1-2
Added Pin To Net: NetName=+24V Pin=D2-1
Added Pin To Net: NetName=GND Pin=D2-2
Added Pin To Net: NetName=GND Pin=D6-1
Added Pin To Net: NetName=VDD Pin=D6-2
Added Pin To Net: NetName=GND Pin=R?-1
Added Pin To Net: NetName=GND Pin=R?-1
Added Pin To Net: NetName=NetD11_2 Pin=R?-1
Added Pin To Net: NetName=NetD12_2 Pin=R?-1
Added Pin To Net: NetName=NetQ13_3 Pin=R?-2
Added Pin To Net: NetName=NetQ15_3 Pin=R?-2
Added Pin To Net: NetName=NetR?_2 Pin=R?-2
Added Member To Class: ClassName=Double_H_Bridge_v1.0 Member=Component D1 SMCJ24A
Added Member To Class: ClassName=Double_H_Bridge_v1.0 Member=Component D2 SMCJ24A
Added Member To Class: ClassName=Double_H_Bridge_v1.0 Member=Component D6 SMAJ5.0A 
Added Member To Class: ClassName=Double_H_Bridge_v1.0 Member=Component R? 0.5R
Added Member To Class: ClassName=Double_H_Bridge_v1.0 Member=Component R? 4.7K
Added Member To Class: ClassName=Double_H_Bridge_v1.0 Member=Component R? 4.7K
