Removed Pin From Net: NetName=NetD12_2 Pin=R?-1
Removed Pin From Net: NetName=NetR?_2 Pin=R?-2
Added Pin To Net: NetName=GND Pin=R?-1
Added Pin To Net: NetName=GND Pin=R?-1
Added Pin To Net: NetName=GND Pin=R?-1
Added Pin To Net: NetName=NetD3_1 Pin=R?-1
Added Pin To Net: NetName=NetD7_2 Pin=R?-1
Added Pin To Net: NetName=NetD8_2 Pin=R?-1
Added Pin To Net: NetName=NetD11_2 Pin=R?-1
Added Pin To Net: NetName=NetD12_2 Pin=R?-1
Added Pin To Net: NetName=GND Pin=R?-2
Added Pin To Net: NetName=NetD4_1 Pin=R?-2
Added Pin To Net: NetName=NetD7_2 Pin=R?-2
Added Pin To Net: NetName=NetD8_2 Pin=R?-2
Added Pin To Net: NetName=NetQ13_3 Pin=R?-2
Added Pin To Net: NetName=NetQ15_3 Pin=R?-2
Added Pin To Net: NetName=NetR?_2 Pin=R?-2
Added Member To Class: ClassName=Double_H_Bridge_v1.0 Member=Component R? 10K
Added Member To Class: ClassName=Double_H_Bridge_v1.0 Member=Component R? 10K
Added Member To Class: ClassName=Double_H_Bridge_v1.0 Member=Component R? 10K
Added Member To Class: ClassName=Double_H_Bridge_v1.0 Member=Component R? 10K
Added Member To Class: ClassName=Double_H_Bridge_v1.0 Member=Component R? 0.5R
Added Member To Class: ClassName=Double_H_Bridge_v1.0 Member=Component R? 4.7K
Added Member To Class: ClassName=Double_H_Bridge_v1.0 Member=Component R? 4.7K
