Added Component: Designator=C3(CAP-5mm)
Added Component: Designator=C4(1210)
Added Component: Designator=C5(0805)
Added Component: Designator=C8(0805)
Added Component: Designator=C9(0805)
Added Component: Designator=C10(0805)
Added Component: Designator=C13(0805)
Added Component: Designator=C14(0805)
Added Component: Designator=C15(0805)
Added Component: Designator=C20(RB7.6-15)
Added Component: Designator=D2(SMBJ_DO-214)
Added Component: Designator=D3(SMBJ_DO-214)
Added Component: Designator=D4(DIDODE_LL-34)
Added Component: Designator=D5(DIDODE_LL-34)
Added Component: Designator=D6(DIDODE_LL-34)
Added Component: Designator=D7(DIDODE_LL-34)
Added Component: Designator=F1(1206)
Added Component: Designator=FB1(0805)
Added Component: Designator=J1(J508-4)
Added Component: Designator=J2(J508-4)
Added Component: Designator=J3(J254-2)
Added Component: Designator=J4(CH3.96-2P)
Added Component: Designator=J5(J254-4)
Added Component: Designator=J6(J2.54-3)
Added Component: Designator=J7(J254-4)
Added Component: Designator=J8(CH3.96-2P)
Added Component: Designator=L1(0805)
Added Component: Designator=LED1(LED)
Added Component: Designator=Q1(901X_SOT-23)
Added Component: Designator=Q2(TO-252)
Added Component: Designator=Q3(TO-252)
Added Component: Designator=Q4(TO-252)
Added Component: Designator=Q5(TO-252)
Added Component: Designator=R1(0805)
Added Component: Designator=R2(0805)
Added Component: Designator=R3(0805)
Added Component: Designator=R4(0805)
Added Component: Designator=R5(0805)
Added Component: Designator=R6(0805)
Added Component: Designator=R7(0805)
Added Component: Designator=R8(0805)
Added Component: Designator=R9(0805)
Added Component: Designator=R10(0805)
Added Component: Designator=R11(0805)
Added Component: Designator=R12(0805)
Added Component: Designator=R13(0805)
Added Component: Designator=R14(0805)
Added Component: Designator=R15(0805)
Added Component: Designator=R16(0805)
Added Component: Designator=R17(0805)
Added Component: Designator=R18(0805)
Added Component: Designator=R19(0805)
Added Component: Designator=R20(0805)
Added Component: Designator=R21(0805)
Added Component: Designator=R22(0805)
Added Component: Designator=R23(0805)
Added Component: Designator=R24(0805)
Added Component: Designator=R25(0805)
Added Component: Designator=R26(0805)
Added Component: Designator=R27(1210)
Added Component: Designator=U1(SO-8)
Added Component: Designator=U2(TO-223)
Added Component: Designator=U3(SO-8)
Added Component: Designator=U4(SO-8)
Added Component: Designator=U5(SO-16)
Added Component: Designator=U6(LQFP_48)
Added Component: Designator=U7(SO-14)
Added Component: Designator=U8(SO-14)
Added Pin To Net: NetName=+3.3V Pin=FB1-2
Added Pin To Net: NetName=+3.3V Pin=J3-2
Added Pin To Net: NetName=+3.3V Pin=J5-1
Added Pin To Net: NetName=+3.3V Pin=J7-1
Added Pin To Net: NetName=+3.3V Pin=R6-2
Added Pin To Net: NetName=+3.3V Pin=R7-2
Added Pin To Net: NetName=+3.3V Pin=R15-2
Added Pin To Net: NetName=+3.3V Pin=R19-2
Added Pin To Net: NetName=+3.3V Pin=U3-8
Added Pin To Net: NetName=+3.3V Pin=U6-1
Added Pin To Net: NetName=+3.3V Pin=U6-9
Added Pin To Net: NetName=+3.3V Pin=U6-24
Added Pin To Net: NetName=+3.3V Pin=U6-36
Added Pin To Net: NetName=+3.3V Pin=U6-48
Added Net: Name=+3.3V
Added Pin To Net: NetName=+5V Pin=C4-2
Added Pin To Net: NetName=+5V Pin=C5-2
Added Pin To Net: NetName=+5V Pin=C14-2
Added Pin To Net: NetName=+5V Pin=L1-2
Added Pin To Net: NetName=+5V Pin=Q1-3
Added Pin To Net: NetName=+5V Pin=R2-1
Added Pin To Net: NetName=+5V Pin=U2-3
Added Pin To Net: NetName=+5V Pin=U5-1
Added Pin To Net: NetName=+5V Pin=U5-16
Added Net: Name=+5V
Added Pin To Net: NetName=+24V Pin=C3-1
Added Pin To Net: NetName=+24V Pin=C20-1
Added Pin To Net: NetName=+24V Pin=D4-2
Added Pin To Net: NetName=+24V Pin=D5-2
Added Pin To Net: NetName=+24V Pin=F1-1
Added Pin To Net: NetName=+24V Pin=J1-1
Added Pin To Net: NetName=+24V Pin=J2-1
Added Pin To Net: NetName=+24V Pin=Q2-1
Added Pin To Net: NetName=+24V Pin=Q3-3
Added Net: Name=+24V
Added Pin To Net: NetName=485_DE Pin=R11-1
Added Net: Name=485_DE
Added Pin To Net: NetName=485_RX Pin=R9-1
Added Pin To Net: NetName=485_RX Pin=U6-13
Added Net: Name=485_RX
Added Pin To Net: NetName=485_TX Pin=R12-1
Added Pin To Net: NetName=485_TX Pin=U6-12
Added Net: Name=485_TX
Added Pin To Net: NetName=BOOT0 Pin=J3-1
Added Pin To Net: NetName=BOOT0 Pin=R16-1
Added Pin To Net: NetName=BOOT0 Pin=U6-44
Added Net: Name=BOOT0
Added Pin To Net: NetName=BOOT1 Pin=R22-2
Added Pin To Net: NetName=BOOT1 Pin=U6-20
Added Net: Name=BOOT1
Added Pin To Net: NetName=BT_RXD Pin=J7-4
Added Pin To Net: NetName=BT_RXD Pin=U6-22
Added Net: Name=BT_RXD
Added Pin To Net: NetName=BT_TXD Pin=J7-3
Added Pin To Net: NetName=BT_TXD Pin=U6-21
Added Net: Name=BT_TXD
Added Pin To Net: NetName=ENA Pin=U7-1
Added Pin To Net: NetName=ENA Pin=U7-4
Added Pin To Net: NetName=ENA Pin=U7-9
Added Pin To Net: NetName=ENA Pin=U7-12
Added Net: Name=ENA
Added Pin To Net: NetName=GND Pin=C3-2
Added Pin To Net: NetName=GND Pin=C4-1
Added Pin To Net: NetName=GND Pin=C5-1
Added Pin To Net: NetName=GND Pin=C8-1
Added Pin To Net: NetName=GND Pin=C9-1
Added Pin To Net: NetName=GND Pin=C10-1
Added Pin To Net: NetName=GND Pin=C13-1
Added Pin To Net: NetName=GND Pin=C14-1
Added Pin To Net: NetName=GND Pin=C15-1
Added Pin To Net: NetName=GND Pin=C20-2
Added Pin To Net: NetName=GND Pin=D2-2
Added Pin To Net: NetName=GND Pin=D3-1
Added Pin To Net: NetName=GND Pin=J1-2
Added Pin To Net: NetName=GND Pin=J2-2
Added Pin To Net: NetName=GND Pin=J5-4
Added Pin To Net: NetName=GND Pin=J6-3
Added Pin To Net: NetName=GND Pin=J7-2
Added Pin To Net: NetName=GND Pin=R3-1
Added Pin To Net: NetName=GND Pin=R4-1
Added Pin To Net: NetName=GND Pin=R5-1
Added Pin To Net: NetName=GND Pin=R8-1
Added Pin To Net: NetName=GND Pin=R14-1
Added Pin To Net: NetName=GND Pin=R16-2
Added Pin To Net: NetName=GND Pin=R22-1
Added Pin To Net: NetName=GND Pin=R27-1
Added Pin To Net: NetName=GND Pin=U1-5
Added Pin To Net: NetName=GND Pin=U2-1
Added Pin To Net: NetName=GND Pin=U3-4
Added Pin To Net: NetName=GND Pin=U4-5
Added Pin To Net: NetName=GND Pin=U5-14
Added Pin To Net: NetName=GND Pin=U5-15
Added Pin To Net: NetName=GND Pin=U6-8
Added Pin To Net: NetName=GND Pin=U6-23
Added Pin To Net: NetName=GND Pin=U6-35
Added Pin To Net: NetName=GND Pin=U6-47
Added Pin To Net: NetName=GND Pin=U7-7
Added Pin To Net: NetName=GND Pin=U8-7
Added Net: Name=GND
Added Pin To Net: NetName=IIC1_SCL Pin=R6-1
Added Pin To Net: NetName=IIC1_SCL Pin=U3-6
Added Pin To Net: NetName=IIC1_SCL Pin=U6-42
Added Net: Name=IIC1_SCL
Added Pin To Net: NetName=IIC1_SDA Pin=R7-1
Added Pin To Net: NetName=IIC1_SDA Pin=U3-5
Added Pin To Net: NetName=IIC1_SDA Pin=U6-43
Added Net: Name=IIC1_SDA
Added Pin To Net: NetName=IN1- Pin=U7-10
Added Pin To Net: NetName=IN1- Pin=U8-2
Added Net: Name=IN1-
Added Pin To Net: NetName=IN1 Pin=U7-2
Added Pin To Net: NetName=IN1 Pin=U8-1
Added Net: Name=IN1
Added Pin To Net: NetName=IN2- Pin=U7-13
Added Pin To Net: NetName=IN2- Pin=U8-4
Added Net: Name=IN2-
Added Pin To Net: NetName=IN2 Pin=U7-5
Added Pin To Net: NetName=IN2 Pin=U8-3
Added Net: Name=IN2
Added Pin To Net: NetName=LED Pin=LED1-2
Added Net: Name=LED
Added Pin To Net: NetName=MOTOR_1 Pin=D4-1
Added Pin To Net: NetName=MOTOR_1 Pin=D6-2
Added Pin To Net: NetName=MOTOR_1 Pin=J8-1
Added Pin To Net: NetName=MOTOR_1 Pin=Q3-1
Added Pin To Net: NetName=MOTOR_1 Pin=Q5-1
Added Net: Name=MOTOR_1
Added Pin To Net: NetName=MOTOR_2 Pin=D5-1
Added Pin To Net: NetName=MOTOR_2 Pin=D7-2
Added Pin To Net: NetName=MOTOR_2 Pin=J8-2
Added Pin To Net: NetName=MOTOR_2 Pin=Q2-3
Added Pin To Net: NetName=MOTOR_2 Pin=Q4-1
Added Net: Name=MOTOR_2
Added Pin To Net: NetName=NetC1_1 Pin=U1-8
Added Net: Name=NetC1_1
Added Pin To Net: NetName=NetC1_2 Pin=L1-1
Added Pin To Net: NetName=NetC1_2 Pin=U1-1
Added Net: Name=NetC1_2
Added Pin To Net: NetName=NetC6_1 Pin=F1-2
Added Pin To Net: NetName=NetC6_1 Pin=R1-2
Added Pin To Net: NetName=NetC6_1 Pin=U1-7
Added Net: Name=NetC6_1
Added Pin To Net: NetName=NetC8_2 Pin=C8-2
Added Pin To Net: NetName=NetC8_2 Pin=C9-2
Added Pin To Net: NetName=NetC8_2 Pin=C10-2
Added Pin To Net: NetName=NetC8_2 Pin=FB1-1
Added Pin To Net: NetName=NetC8_2 Pin=U2-0
Added Pin To Net: NetName=NetC8_2 Pin=U2-2
Added Net: Name=NetC8_2
Added Pin To Net: NetName=NetC11_1 Pin=U1-3
Added Net: Name=NetC11_1
Added Pin To Net: NetName=NetC11_2 Pin=R5-2
Added Net: Name=NetC11_2
Added Pin To Net: NetName=NetC18_2 Pin=R20-1
Added Pin To Net: NetName=NetC18_2 Pin=U5-8
Added Net: Name=NetC18_2
Added Pin To Net: NetName=NetC19_2 Pin=R21-1
Added Pin To Net: NetName=NetC19_2 Pin=U5-10
Added Net: Name=NetC19_2
Added Pin To Net: NetName=NetD6_1 Pin=D6-1
Added Pin To Net: NetName=NetD6_1 Pin=D7-1
Added Pin To Net: NetName=NetD6_1 Pin=Q4-3
Added Pin To Net: NetName=NetD6_1 Pin=Q5-3
Added Pin To Net: NetName=NetD6_1 Pin=R27-2
Added Net: Name=NetD6_1
Added Pin To Net: NetName=NetLED1_1 Pin=LED1-1
Added Pin To Net: NetName=NetLED1_1 Pin=R19-1
Added Net: Name=NetLED1_1
Added Pin To Net: NetName=NetQ1_2 Pin=Q1-2
Added Pin To Net: NetName=NetQ1_2 Pin=U5-2
Added Net: Name=NetQ1_2
Added Pin To Net: NetName=NetQ2_2 Pin=Q2-2
Added Pin To Net: NetName=NetQ2_2 Pin=R24-1
Added Net: Name=NetQ2_2
Added Pin To Net: NetName=NetQ3_2 Pin=Q3-2
Added Pin To Net: NetName=NetQ3_2 Pin=R23-2
Added Net: Name=NetQ3_2
Added Pin To Net: NetName=NetQ4_2 Pin=Q4-2
Added Pin To Net: NetName=NetQ4_2 Pin=R26-1
Added Net: Name=NetQ4_2
Added Pin To Net: NetName=NetQ5_2 Pin=Q5-2
Added Pin To Net: NetName=NetQ5_2 Pin=R25-2
Added Net: Name=NetQ5_2
Added Pin To Net: NetName=NetR1_1 Pin=R1-1
Added Pin To Net: NetName=NetR1_1 Pin=U1-2
Added Net: Name=NetR1_1
Added Pin To Net: NetName=NetR2_2 Pin=R2-2
Added Pin To Net: NetName=NetR2_2 Pin=R3-2
Added Pin To Net: NetName=NetR2_2 Pin=U1-4
Added Net: Name=NetR2_2
Added Pin To Net: NetName=NetR4_2 Pin=R4-2
Added Pin To Net: NetName=NetR4_2 Pin=U1-6
Added Net: Name=NetR4_2
Added Pin To Net: NetName=NetR9_2 Pin=R9-2
Added Pin To Net: NetName=NetR9_2 Pin=U4-1
Added Net: Name=NetR9_2
Added Pin To Net: NetName=NetR11_2 Pin=R11-2
Added Pin To Net: NetName=NetR11_2 Pin=R14-2
Added Pin To Net: NetName=NetR11_2 Pin=U4-2
Added Pin To Net: NetName=NetR11_2 Pin=U4-3
Added Net: Name=NetR11_2
Added Pin To Net: NetName=NetR12_2 Pin=R12-2
Added Pin To Net: NetName=NetR12_2 Pin=U4-4
Added Net: Name=NetR12_2
Added Pin To Net: NetName=NetR17_1 Pin=R17-1
Added Pin To Net: NetName=NetR17_1 Pin=R18-1
Added Pin To Net: NetName=NetR17_1 Pin=U5-4
Added Net: Name=NetR17_1
Added Pin To Net: NetName=NRST Pin=C15-2
Added Pin To Net: NetName=NRST Pin=R15-1
Added Pin To Net: NetName=NRST Pin=U6-7
Added Net: Name=NRST
Added Pin To Net: NetName=RS485_A Pin=D2-1
Added Pin To Net: NetName=RS485_A Pin=J1-3
Added Pin To Net: NetName=RS485_A Pin=J2-3
Added Pin To Net: NetName=RS485_A Pin=R8-2
Added Pin To Net: NetName=RS485_A Pin=R10-1
Added Pin To Net: NetName=RS485_A Pin=U4-7
Added Net: Name=RS485_A
Added Pin To Net: NetName=RS485_B Pin=D3-2
Added Pin To Net: NetName=RS485_B Pin=J1-4
Added Pin To Net: NetName=RS485_B Pin=J2-4
Added Pin To Net: NetName=RS485_B Pin=R10-2
Added Pin To Net: NetName=RS485_B Pin=R13-1
Added Pin To Net: NetName=RS485_B Pin=U4-6
Added Net: Name=RS485_B
Added Pin To Net: NetName=SENSOR_A+ Pin=R20-2
Added Net: Name=SENSOR_A+
Added Pin To Net: NetName=SENSOR_A- Pin=U5-7
Added Net: Name=SENSOR_A-
Added Pin To Net: NetName=SENSOR_B+ Pin=R21-2
Added Net: Name=SENSOR_B+
Added Pin To Net: NetName=SENSOR_B- Pin=U5-9
Added Net: Name=SENSOR_B-
Added Pin To Net: NetName=SENSOR_DOUT Pin=U5-12
Added Net: Name=SENSOR_DOUT
Added Pin To Net: NetName=SENSOR_E+ Pin=J4-1
Added Pin To Net: NetName=SENSOR_E+ Pin=Q1-1
Added Pin To Net: NetName=SENSOR_E+ Pin=R17-2
Added Pin To Net: NetName=SENSOR_E+ Pin=U5-3
Added Net: Name=SENSOR_E+
Added Pin To Net: NetName=SENSOR_E- Pin=J4-2
Added Pin To Net: NetName=SENSOR_E- Pin=R18-2
Added Pin To Net: NetName=SENSOR_E- Pin=U5-5
Added Net: Name=SENSOR_E-
Added Pin To Net: NetName=SENSOR_SCK Pin=U5-11
Added Net: Name=SENSOR_SCK
Added Pin To Net: NetName=SWCLK Pin=J5-3
Added Pin To Net: NetName=SWCLK Pin=U6-37
Added Net: Name=SWCLK
Added Pin To Net: NetName=SWDIO Pin=J5-2
Added Pin To Net: NetName=SWDIO Pin=U6-34
Added Net: Name=SWDIO
Added Pin To Net: NetName=SWITCH_1 Pin=R23-1
Added Pin To Net: NetName=SWITCH_1 Pin=U7-3
Added Net: Name=SWITCH_1
Added Pin To Net: NetName=SWITCH_2 Pin=R25-1
Added Pin To Net: NetName=SWITCH_2 Pin=U7-8
Added Net: Name=SWITCH_2
Added Pin To Net: NetName=SWITCH_3 Pin=R24-2
Added Pin To Net: NetName=SWITCH_3 Pin=U7-6
Added Net: Name=SWITCH_3
Added Pin To Net: NetName=SWITCH_4 Pin=R26-2
Added Pin To Net: NetName=SWITCH_4 Pin=U7-11
Added Net: Name=SWITCH_4
Added Pin To Net: NetName=UART1_RX Pin=J6-1
Added Pin To Net: NetName=UART1_RX Pin=U6-31
Added Net: Name=UART1_RX
Added Pin To Net: NetName=UART1_TX Pin=J6-2
Added Pin To Net: NetName=UART1_TX Pin=U6-30
Added Net: Name=UART1_TX
Added Pin To Net: NetName=VBG Pin=U5-6
Added Net: Name=VBG
Added Pin To Net: NetName=VCC Pin=C13-2
Added Pin To Net: NetName=VCC Pin=R13-2
Added Pin To Net: NetName=VCC Pin=U4-8
Added Net: Name=VCC
Added Class: Name=YarnControl_Driver_v1.0
Added Class: Name=YarnControl_motor_v1.0
