Added Component: Designator=C16(0805)
Added Component: Designator=C17(0805)
Added Component: Designator=C19(0805)
Added Component: Designator=C21(0805)
Added Component: Designator=C22(0805)
Added Pin To Net: NetName=SENSOR_E- Pin=C16-1
Added Pin To Net: NetName=SENSOR_E+ Pin=C16-2
Added Pin To Net: NetName=VBG Pin=C17-1
Added Pin To Net: NetName=SENSOR_E- Pin=C17-2
Added Pin To Net: NetName=SENSOR_B- Pin=C19-1
Added Pin To Net: NetName=NetC19_2 Pin=C19-2
Added Pin To Net: NetName=+3.3V Pin=C21-1
Added Pin To Net: NetName=GND Pin=C21-2
Added Pin To Net: NetName=+3.3V Pin=C22-1
Added Pin To Net: NetName=GND Pin=C22-2
Added Pin To Net: NetName=+3.3V Pin=U7-14
Added Pin To Net: NetName=+3.3V Pin=U8-14
Added Member To Class: ClassName=YarnControl_Driver_v1.0 Member=Component C16 1uF
Added Member To Class: ClassName=YarnControl_Driver_v1.0 Member=Component C17 1uF
Added Member To Class: ClassName=YarnControl_Driver_v1.0 Member=Component C19 0.1uF
Added Member To Class: ClassName=YarnControl_motor_v1.0 Member=Component C21 0.1uF
Added Member To Class: ClassName=YarnControl_motor_v1.0 Member=Component C22 0.1uF
