Removed Pin From Net: NetName=+5V Pin=C13-2
Removed Pin From Net: NetName=+24V Pin=C14-1
Removed Pin From Net: NetName=GND Pin=C14-2
Removed Pin From Net: NetName=GND Pin=C17-2
Removed Pin From Net: NetName=GND Pin=C18-2
Removed Pin From Net: NetName=+24V Pin=F1-1
Removed Pin From Net: NetName=+5V Pin=L1-2
Removed Pin From Net: NetName=+5V Pin=R19-1
Removed Pin From Net: NetName=GND Pin=R20-1
Removed Pin From Net: NetName=GND Pin=R21-1
Removed Pin From Net: NetName=GND Pin=R22-1
Removed Member From Class: ClassName=mainboard_rs485.v1.0 Member=C17
Removed Member From Class: ClassName=mainboard_rs485.v1.0 Member=C18
Removed Member From Class: ClassName=mainboard_rs485.v1.0 Member=C22
Removed Member From Class: ClassName=mainboard_rs485.v1.0 Member=F1
Removed Member From Class: ClassName=mainboard_rs485.v1.0 Member=R18
Removed Member From Class: ClassName=mainboard_rs485.v1.0 Member=R19
Removed Member From Class: ClassName=mainboard_rs485.v1.0 Member=R20
Removed Member From Class: ClassName=mainboard_rs485.v1.0 Member=R21
Removed Member From Class: ClassName=mainboard_rs485.v1.0 Member=R22
Change Component DesignItemId : Designator=C12 Old DesignItemId=CAP New DesignItemId=Cap Pol1
Change Component DesignItemId : Designator=C14 Old DesignItemId=Cap Pol1 New DesignItemId=Cap
Change Component DesignItemId : Designator=D3 Old DesignItemId=Diode New DesignItemId=Diode 1N4148
Change Component DesignItemId : Designator=U5 Old DesignItemId=MP1584 New DesignItemId=LM25XX
Change Component Footprint: Designator=C13 Old Footprint=0805 New Footprint=1210
Change Component Footprint: Designator=C12 Old Footprint=0805 New Footprint=AEC_SMT*8
Change Component Footprint: Designator=C14 Old Footprint=CAP-5mm New Footprint=1210
Change Component Footprint: Designator=L1 Old Footprint=Inductance6*6 New Footprint=Inductance
Change Component Footprint: Designator=U5 Old Footprint=MP1584 New Footprint=TO-263
Change Component Comment : Designator=C12 Old Comment=0.1uF New Comment=220uF
Change Component Comment : Designator=L1 Old Comment=4.7uH New Comment=Inductor
Change Component Comment : Designator=R7 Old Comment=22R New Comment=10K
Change Component Comment : Designator=R8 Old Comment=22R New Comment=10K
Change Component Comment : Designator=C13 Old Comment=22uF New Comment=47uF
Change Component Comment : Designator=C9 Old Comment=103 New Comment=10nF
Change Component Comment : Designator=C7 Old Comment=104 New Comment=0.1uF
Change Component Comment : Designator=C8 Old Comment=104 New Comment=0.1uF
Change Component Comment : Designator=C11 Old Comment=104 New Comment=0.1uF
Change Component Comment : Designator=C6 Old Comment=106 New Comment=10uF
Change Component Comment : Designator=C10 Old Comment=106 New Comment=10uF
Change Component Comment : Designator=C14 Old Comment=220uF New Comment=0.1uF
Change Component Comment : Designator=U5 Old Comment=MP1584 New Comment=LM2575-5
Change Component Description : Designator=D3 Old Description=¶þ¼«¹Ü New Description=High Conductance Fast Diode
Change Component Library : Designator=D3 Old Library=Component.SchLib New Library=Miscellaneous Devices.SchLib
Added Pin To Net: NetName=+5V Pin=C12-1
Added Pin To Net: NetName=GND Pin=C12-2
Added Pin To Net: NetName=GND Pin=C14-1
Added Pin To Net: NetName=+5V Pin=L1-1
Added Pin To Net: NetName=GND Pin=U5-3
Added Pin To Net: NetName=+5V Pin=U5-4
Added Pin To Net: NetName=NetD3_2 Pin=D3-2
Added Pin To Net: NetName=NetD3_2 Pin=L1-2
Added Pin To Net: NetName=NetD3_2 Pin=U5-2
Added Net: Name=NetD3_2
Added Pin To Net: NetName=V12 Pin=C13-2
Added Pin To Net: NetName=V12 Pin=C14-2
Added Pin To Net: NetName=V12 Pin=U5-1
Added Net: Name=V12
Change Class Name : Old Net Name=mainboard_interface.v1.0 New Net Name=mainboard_interface.v1.1
Change Class Name : Old Net Name=mainboard_mcu.v1.0 New Net Name=mainboard_mcu.v1.1
Change Class Name : Old Net Name=mainboard_motor.v1.0 New Net Name=mainboard_motor.v1.1
Change Class Name : Old Net Name=mainboard_rs485.v1.0 New Net Name=mainboard_rs485.v1.1
Change Class Name : Old Net Name=mainboard_wifi.v1.0 New Net Name=mainboard_wifi.v1.1
