Removed Pin From Net: NetName=STEP_MOTOR1_CP Pin=J4-1
Removed Pin From Net: NetName=STEP_MOTOR1_DIR Pin=J4-2
Removed Pin From Net: NetName=STEP_MOTOR1_EN Pin=J4-3
Removed Pin From Net: NetName=GND Pin=J4-4
Removed Pin From Net: NetName=GND Pin=J6-1
Removed Pin From Net: NetName=ENCODER_B Pin=J6-2
Removed Pin From Net: NetName=ENCODER_C Pin=J6-3
Removed Pin From Net: NetName=+5V Pin=J6-4
Removed Pin From Net: NetName=STEP_MOTOR2_CP Pin=J7-1
Removed Pin From Net: NetName=STEP_MOTOR2_DIR Pin=J7-2
Removed Pin From Net: NetName=STEP_MOTOR2_EN Pin=J7-3
Removed Pin From Net: NetName=GND Pin=J7-4
Removed Pin From Net: NetName=DIFF_OUTPUT1+ Pin=J10-1
Removed Pin From Net: NetName=DIFF_OUTPUT1- Pin=J10-2
Removed Pin From Net: NetName=DIFF_OUTPUT2- Pin=J10-3
Removed Pin From Net: NetName=DIFF_OUTPUT2+ Pin=J10-4
Added Pin To Net: NetName=GND Pin=J4-1
Added Pin To Net: NetName=STEP_MOTOR1_EN Pin=J4-2
Added Pin To Net: NetName=STEP_MOTOR1_DIR Pin=J4-3
Added Pin To Net: NetName=STEP_MOTOR1_CP Pin=J4-4
Added Pin To Net: NetName=+5V Pin=J6-1
Added Pin To Net: NetName=ENCODER_C Pin=J6-2
Added Pin To Net: NetName=ENCODER_B Pin=J6-3
Added Pin To Net: NetName=GND Pin=J6-4
Added Pin To Net: NetName=GND Pin=J7-1
Added Pin To Net: NetName=STEP_MOTOR2_EN Pin=J7-2
Added Pin To Net: NetName=STEP_MOTOR2_DIR Pin=J7-3
Added Pin To Net: NetName=STEP_MOTOR2_CP Pin=J7-4
Added Pin To Net: NetName=DIFF_OUTPUT2+ Pin=J10-1
Added Pin To Net: NetName=DIFF_OUTPUT2- Pin=J10-2
Added Pin To Net: NetName=DIFF_OUTPUT1- Pin=J10-3
Added Pin To Net: NetName=DIFF_OUTPUT1+ Pin=J10-4
